Using pre-set license
Built from '6000.0/staging' branch; Version is '6000.0.36f1 (9fe3b5f71dbb) revision 10478517'; Using compiler version '193933523'; Build Type 'Release'
OS: 'Windows 10  (10.0.19045) 64bit Professional' Language: 'es' Physical Memory: 31904 MB
BatchMode: 1, IsHumanControllingUs: 0, StartBugReporterOnCrash: 0, Is64bit: 1, IsPro: 1

COMMAND LINE ARGUMENTS:
D:\6000.0.36f1\Editor\Unity.exe
-adb2
-batchMode
-noUpm
-name
AssetImportWorker7
-projectPath
E:/Personal/DotWolf/Repos/New-Color-Space
-logFile
Logs/AssetImportWorker7.log
-srvPort
59009
-job-worker-count
11
-background-job-worker-count
8
-gc-helper-count
1
Successfully changed project path to: E:/Personal/DotWolf/Repos/New-Color-Space
E:/Personal/DotWolf/Repos/New-Color-Space
[UnityMemory] Configuration Parameters - Can be set up in boot.config
    "memorysetup-bucket-allocator-granularity=16"
    "memorysetup-bucket-allocator-bucket-count=8"
    "memorysetup-bucket-allocator-block-size=33554432"
    "memorysetup-bucket-allocator-block-count=8"
    "memorysetup-main-allocator-block-size=16777216"
    "memorysetup-thread-allocator-block-size=16777216"
    "memorysetup-gfx-main-allocator-block-size=16777216"
    "memorysetup-gfx-thread-allocator-block-size=16777216"
    "memorysetup-cache-allocator-block-size=4194304"
    "memorysetup-typetree-allocator-block-size=2097152"
    "memorysetup-profiler-bucket-allocator-granularity=16"
    "memorysetup-profiler-bucket-allocator-bucket-count=8"
    "memorysetup-profiler-bucket-allocator-block-size=33554432"
    "memorysetup-profiler-bucket-allocator-block-count=8"
    "memorysetup-profiler-allocator-block-size=16777216"
    "memorysetup-profiler-editor-allocator-block-size=1048576"
    "memorysetup-temp-allocator-size-main=16777216"
    "memorysetup-job-temp-allocator-block-size=2097152"
    "memorysetup-job-temp-allocator-block-size-background=1048576"
    "memorysetup-job-temp-allocator-reduction-small-platforms=262144"
    "memorysetup-allocator-temp-initial-block-size-main=262144"
    "memorysetup-allocator-temp-initial-block-size-worker=262144"
    "memorysetup-temp-allocator-size-background-worker=32768"
    "memorysetup-temp-allocator-size-job-worker=262144"
    "memorysetup-temp-allocator-size-preload-manager=33554432"
    "memorysetup-temp-allocator-size-nav-mesh-worker=65536"
    "memorysetup-temp-allocator-size-audio-worker=65536"
    "memorysetup-temp-allocator-size-cloud-worker=32768"
    "memorysetup-temp-allocator-size-gi-baking-worker=262144"
    "memorysetup-temp-allocator-size-gi-baking-worker=262144"
    "memorysetup-temp-allocator-size-gi-baking-worker=262144"
    "memorysetup-temp-allocator-size-gi-baking-worker=262144"
    "memorysetup-temp-allocator-size-gi-baking-worker=262144"
    "memorysetup-temp-allocator-size-gfx=262144"
Player connection [36680]  Target information:

Player connection [36680]  * "[IP] 192.168.1.20 [Port] 0 [Flags] 2 [Guid] 1214449630 [EditorId] 1214449630 [Version] 1048832 [Id] WindowsEditor(7,R3-Desktop) [Debug] 1 [PackageName] WindowsEditor [ProjectName] Editor" 

Player connection [36680] Host joined multi-casting on [225.0.0.222:54997]...
Player connection [36680] Host joined alternative multi-casting on [225.0.0.222:34997]...
JobSystem: Creating JobQueue using job-worker-count value 11
Input System module state changed to: Initialized.
[Physics::Module] Initialized fallback backend.
[Physics::Module] Id: 0xdecafbad
Library Redirect Path: Library/
[Physics::Module] Selected backend.
[Physics::Module] Name: PhysX
[Physics::Module] Id: 0xf2b8ea05
[Physics::Module] SDK Version: 4.1.2
[Physics::Module] Integration Version: 1.0.0
[Physics::Module] Threading Mode: Multi-Threaded
Refreshing native plugins compatible for Editor in 3.65 ms, found 3 plugins.
Preloading 0 native plugins for Editor in 0.00 ms.
Initialize engine version: 6000.0.36f1 (9fe3b5f71dbb)
[Subsystems] Discovering subsystems at path D:/6000.0.36f1/Editor/Data/Resources/UnitySubsystems
[Subsystems] Discovering subsystems at path E:/Personal/DotWolf/Repos/New-Color-Space/Assets
GfxDevice: creating device client; kGfxThreadingModeNonThreaded
Direct3D:
    Version:  Direct3D 11.0 [level 11.1]
    Renderer: NVIDIA GeForce RTX 3060 (ID=0x2487)
    Vendor:   NVIDIA
    VRAM:     12110 MB
    Driver:   32.0.15.7283
Initialize mono
Mono path[0] = 'D:/6000.0.36f1/Editor/Data/Managed'
Mono path[1] = 'D:/6000.0.36f1/Editor/Data/MonoBleedingEdge/lib/mono/unityjit-win32'
Mono config path = 'D:/6000.0.36f1/Editor/Data/MonoBleedingEdge/etc'
Using monoOptions --debugger-agent=transport=dt_socket,embedding=1,server=y,suspend=n,address=127.0.0.1:56784
Begin MonoManager ReloadAssembly
Registering precompiled unity dll's ...
Register platform support module: D:/6000.0.36f1/Editor/Data/PlaybackEngines/WindowsStandaloneSupport/UnityEditor.WindowsStandalone.Extensions.dll
Register platform support module: D:/6000.0.36f1/Editor/Data/PlaybackEngines/AndroidPlayer/UnityEditor.Android.Extensions.dll
Registered in 0.006014 seconds.
- Loaded All Assemblies, in  0.510 seconds
Native extension for Android target not found
Android Extension - Scanning For ADB Devices 538 ms
Native extension for WindowsStandalone target not found
Mono: successfully reloaded assembly
- Finished resetting the current domain, in  1.066 seconds
Domain Reload Profiling: 1574ms
	BeginReloadAssembly (180ms)
		ExecutionOrderSort (0ms)
		DisableScriptedObjects (0ms)
		BackupInstance (0ms)
		ReleaseScriptingObjects (0ms)
		CreateAndSetChildDomain (1ms)
	RebuildCommonClasses (40ms)
	RebuildNativeTypeToScriptingClass (13ms)
	initialDomainReloadingComplete (50ms)
	LoadAllAssembliesAndSetupDomain (224ms)
		LoadAssemblies (180ms)
		RebuildTransferFunctionScriptingTraits (0ms)
		AnalyzeDomain (220ms)
			TypeCache.Refresh (217ms)
				TypeCache.ScanAssembly (199ms)
			BuildScriptInfoCaches (1ms)
			ResolveRequiredComponents (1ms)
	FinalizeReload (1066ms)
		ReleaseScriptCaches (0ms)
		RebuildScriptCaches (0ms)
		SetupLoadedEditorAssemblies (1004ms)
			LogAssemblyErrors (0ms)
			InitializePlatformSupportModulesInManaged (692ms)
			SetLoadedEditorAssemblies (5ms)
			BeforeProcessingInitializeOnLoad (75ms)
			ProcessInitializeOnLoadAttributes (170ms)
			ProcessInitializeOnLoadMethodAttributes (61ms)
			AfterProcessingInitializeOnLoad (0ms)
			EditorAssembliesLoaded (0ms)
		ExecutionOrderSort2 (0ms)
		AwakeInstancesAfterBackupRestoration (0ms)
========================================================================
Worker process is ready to serve import requests
Import Worker Mode flag is 0x00
Begin MonoManager ReloadAssembly
- Loaded All Assemblies, in  1.001 seconds
Refreshing native plugins compatible for Editor in 3.61 ms, found 3 plugins.
Native extension for Android target not found
Native extension for WindowsStandalone target not found
Package Manager log level set to [2]
[Package Manager] Failed to launch server process. Reason: Unity was launched with the -noUpm command-line argument
[Package Manager] Unable to send message (not connected to server process).
[Package Manager] Cannot connect to Unity Package Manager local server
Mono: successfully reloaded assembly
- Finished resetting the current domain, in  1.304 seconds
Domain Reload Profiling: 2303ms
	BeginReloadAssembly (237ms)
		ExecutionOrderSort (0ms)
		DisableScriptedObjects (7ms)
		BackupInstance (0ms)
		ReleaseScriptingObjects (0ms)
		CreateAndSetChildDomain (62ms)
	RebuildCommonClasses (56ms)
	RebuildNativeTypeToScriptingClass (13ms)
	initialDomainReloadingComplete (38ms)
	LoadAllAssembliesAndSetupDomain (655ms)
		LoadAssemblies (495ms)
		RebuildTransferFunctionScriptingTraits (0ms)
		AnalyzeDomain (288ms)
			TypeCache.Refresh (220ms)
				TypeCache.ScanAssembly (198ms)
			BuildScriptInfoCaches (52ms)
			ResolveRequiredComponents (12ms)
	FinalizeReload (1304ms)
		ReleaseScriptCaches (0ms)
		RebuildScriptCaches (0ms)
		SetupLoadedEditorAssemblies (1132ms)
			LogAssemblyErrors (0ms)
			InitializePlatformSupportModulesInManaged (24ms)
			SetLoadedEditorAssemblies (10ms)
			BeforeProcessingInitializeOnLoad (216ms)
			ProcessInitializeOnLoadAttributes (754ms)
			ProcessInitializeOnLoadMethodAttributes (126ms)
			AfterProcessingInitializeOnLoad (2ms)
			EditorAssembliesLoaded (0ms)
		ExecutionOrderSort2 (0ms)
		AwakeInstancesAfterBackupRestoration (7ms)
database is locked
0x00007ffc270e921d (Unity) StackWalker::ShowCallstack
0x00007ffc270f91d9 (Unity) PlatformStacktrace::GetStacktrace
0x00007ffc28364c1e (Unity) Stacktrace::GetStacktrace
0x00007ffc2890d26f (Unity) DebugStringToFile
0x00007ffc28326fc9 (Unity) ErrorIfSQLError
0x00007ffc283275b2 (Unity) OpenOrCreateSQLiteDatabase
0x00007ffc282331b6 (Unity) GetShaderCacheDatabase
0x00007ffc2823038b (Unity) AddShaderErrorToDBMainThread
0x00007ffc2823098d (Unity) AddShaderErrorsToShaderAndDBAnyThread
0x00007ffc27da6d41 (Unity) ProcessShaderError
0x00007ffc27d9c27f (Unity) AddShaderRuntimeError
0x00007ffc26d8b978 (Unity) ShaderFromSerializedShaderMainThread
0x00007ffc28985d4c (Unity) Shader::CreateFromParsedForm
0x00007ffc2898494d (Unity) Shader::AwakeFromLoad
0x00007ffc270d1a86 (Unity) AwakeFromLoadQueue::InvokePersistentManagerAwake
0x00007ffc270d2c19 (Unity) AwakeFromLoadQueue::PersistentManagerSingleQueueAwakeFromLoad
0x00007ffc270d271d (Unity) AwakeFromLoadQueue::PersistentManagerAwakeFromLoad_NoChecks
0x00007ffc270a5131 (Unity) PersistentManager::IntegrateAllThreadedObjects
0x00007ffc270a5990 (Unity) PersistentManager::LoadAndIntegrateAllPreallocatedObjects
0x00007ffc270a9ee7 (Unity) PersistentManager::ReadObject
0x00007ffc262c1bbf (Unity) PPtr<Object>::operator Object * __ptr64
0x00007ffc28233ecd (Unity) LoadAndRegisterAllKnownShaders
0x00007ffc28534adf (Unity) <lambda_f96845ab1106210ce31769f863340c0d>::operator()
0x00007ffc286176de (Unity) asio::detail::completion_handler<core::mutable_function<void __cdecl(void)>,asio::io_context::basic_executor_type<std::allocator<void>,0> >::do_complete
0x00007ffc28604f6a (Unity) asio::detail::win_iocp_io_context::do_one
0x00007ffc2860629e (Unity) asio::detail::win_iocp_io_context::run
0x00007ffc28615cfc (Unity) IOService::Run
0x00007ffc2855de96 (Unity) RunAssetImportWorkerClientV2
0x00007ffc2855df5b (Unity) RunAssetImporterV2
0x00007ffc27d69398 (Unity) Application::InitializeProject
0x00007ffc2836f235 (Unity) UnityMain
0x00007ff678b22fba (Unity) __scrt_common_main_seh
0x00007ffcbf627344 (KERNEL32) BaseThreadInitThunk
0x00007ffcc123cc91 (ntdll) RtlUserThreadStart

Failed to delete database file Library/ShaderCache.db
0x00007ffc270e921d (Unity) StackWalker::ShowCallstack
0x00007ffc270f91d9 (Unity) PlatformStacktrace::GetStacktrace
0x00007ffc28364c1e (Unity) Stacktrace::GetStacktrace
0x00007ffc2890d26f (Unity) DebugStringToFile
0x00007ffc26e47b49 (Unity) LogRepeatingStringWithFlags
0x00007ffc282331d7 (Unity) GetShaderCacheDatabase
0x00007ffc2823038b (Unity) AddShaderErrorToDBMainThread
0x00007ffc2823098d (Unity) AddShaderErrorsToShaderAndDBAnyThread
0x00007ffc27da6d41 (Unity) ProcessShaderError
0x00007ffc27d9c27f (Unity) AddShaderRuntimeError
0x00007ffc26d8b978 (Unity) ShaderFromSerializedShaderMainThread
0x00007ffc28985d4c (Unity) Shader::CreateFromParsedForm
0x00007ffc2898494d (Unity) Shader::AwakeFromLoad
0x00007ffc270d1a86 (Unity) AwakeFromLoadQueue::InvokePersistentManagerAwake
0x00007ffc270d2c19 (Unity) AwakeFromLoadQueue::PersistentManagerSingleQueueAwakeFromLoad
0x00007ffc270d271d (Unity) AwakeFromLoadQueue::PersistentManagerAwakeFromLoad_NoChecks
0x00007ffc270a5131 (Unity) PersistentManager::IntegrateAllThreadedObjects
0x00007ffc270a5990 (Unity) PersistentManager::LoadAndIntegrateAllPreallocatedObjects
0x00007ffc270a9ee7 (Unity) PersistentManager::ReadObject
0x00007ffc262c1bbf (Unity) PPtr<Object>::operator Object * __ptr64
0x00007ffc28233ecd (Unity) LoadAndRegisterAllKnownShaders
0x00007ffc28534adf (Unity) <lambda_f96845ab1106210ce31769f863340c0d>::operator()
0x00007ffc286176de (Unity) asio::detail::completion_handler<core::mutable_function<void __cdecl(void)>,asio::io_context::basic_executor_type<std::allocator<void>,0> >::do_complete
0x00007ffc28604f6a (Unity) asio::detail::win_iocp_io_context::do_one
0x00007ffc2860629e (Unity) asio::detail::win_iocp_io_context::run
0x00007ffc28615cfc (Unity) IOService::Run
0x00007ffc2855de96 (Unity) RunAssetImportWorkerClientV2
0x00007ffc2855df5b (Unity) RunAssetImporterV2
0x00007ffc27d69398 (Unity) Application::InitializeProject
0x00007ffc2836f235 (Unity) UnityMain
0x00007ff678b22fba (Unity) __scrt_common_main_seh
0x00007ffcbf627344 (KERNEL32) BaseThreadInitThunk
0x00007ffcc123cc91 (ntdll) RtlUserThreadStart

Launched and connected shader compiler UnityShaderCompiler.exe after 0.05 seconds
Refreshing native plugins compatible for Editor in 2.76 ms, found 3 plugins.
Preloading 0 native plugins for Editor in 0.00 ms.
Unloading 222 Unused Serialized files (Serialized files now loaded: 0)
Unloading 4732 unused Assets / (3.4 MB). Loaded Objects now: 5444.
Memory consumption went from 168.2 MB to 164.8 MB.
Total: 20.122600 ms (FindLiveObjects: 1.392800 ms CreateObjectMapping: 0.599100 ms MarkObjects: 15.705200 ms  DeleteObjects: 2.422900 ms)

========================================================================
Received Prepare
Refreshing native plugins compatible for Editor in 2.36 ms, found 3 plugins.
Preloading 0 native plugins for Editor in 0.00 ms.
Unloading 15 Unused Serialized files (Serialized files now loaded: 0)
Unloading 13 unused Assets / (2.2 MB). Loaded Objects now: 5446.
Memory consumption went from 127.3 MB to 125.1 MB.
Total: 8.637100 ms (FindLiveObjects: 0.494200 ms CreateObjectMapping: 0.325400 ms MarkObjects: 6.950500 ms  DeleteObjects: 0.866100 ms)

Prepare: number of updated asset objects reloaded= 0
========================================================================
Received Import Request.
  Time since last request: 318428.680414 seconds.
  path: Assets/Settings/Low_PipelineAsset_ForwardRenderer.asset
  artifactKey: Guid(fa89c1756e03df542a302a4a61539aa2) Importer(2089858483,192608db42251d675da83286b1cce702)
Start importing Assets/Settings/Low_PipelineAsset_ForwardRenderer.asset using Guid(fa89c1756e03df542a302a4a61539aa2) Importer(2089858483,192608db42251d675da83286b1cce702) (ScriptedImporter) -> (artifact id: '033b7159961a87563d4f9b9dafdf33d7') in 0.1776738 seconds
Number of updated asset objects reloaded before import = 1Number of asset objects unloaded after import = 1

========================================================================
Received Import Request.
  Time since last request: 0.000022 seconds.
  path: Assets/Settings/High_PipelineAsset_ForwardRenderer.asset
  artifactKey: Guid(ebe06154f8483de4381f060363540a05) Importer(2089858483,192608db42251d675da83286b1cce702)
Start importing Assets/Settings/High_PipelineAsset_ForwardRenderer.asset using Guid(ebe06154f8483de4381f060363540a05) Importer(2089858483,192608db42251d675da83286b1cce702) (ScriptedImporter) -> (artifact id: 'aeba92d71cf6d575bc9200a5ef14252e') in 0.0082186 seconds
Number of updated asset objects reloaded before import = 0Number of asset objects unloaded after import = 1

========================================================================
Received Import Request.
  Time since last request: 0.000023 seconds.
  path: Assets/LeanTween/Examples/Scenes/Following.unity
  artifactKey: Guid(ae5e9d334639a484786a9badbf5b387a) Importer(2089858483,192608db42251d675da83286b1cce702)
Start importing Assets/LeanTween/Examples/Scenes/Following.unity using Guid(ae5e9d334639a484786a9badbf5b387a) Importer(2089858483,192608db42251d675da83286b1cce702) (ScriptedImporter) -> (artifact id: 'ffb1bfe622b6b08126f43218670bb543') in 0.0063985 seconds
Number of updated asset objects reloaded before import = 0Number of asset objects unloaded after import = 1

========================================================================
Received Import Request.
  Time since last request: 0.000016 seconds.
  path: Assets/LeanTween/Examples/Scenes/GeneralEvents.unity
  artifactKey: Guid(7e603302e334b4bd0bef351e0f1e050c) Importer(2089858483,192608db42251d675da83286b1cce702)
Start importing Assets/LeanTween/Examples/Scenes/GeneralEvents.unity using Guid(7e603302e334b4bd0bef351e0f1e050c) Importer(2089858483,192608db42251d675da83286b1cce702) (ScriptedImporter) -> (artifact id: '3da399d7a2991eb6dd4d219f38cbdab8') in 0.0055113 seconds
Number of updated asset objects reloaded before import = 0Number of asset objects unloaded after import = 1

========================================================================
Received Import Request.
  Time since last request: 0.000013 seconds.
  path: Assets/LeanTween/Examples/Scenes/GeneralAdvancedTechniques.unity
  artifactKey: Guid(ed31b9589883b4d19a6bc0f50d57edec) Importer(2089858483,192608db42251d675da83286b1cce702)
Start importing Assets/LeanTween/Examples/Scenes/GeneralAdvancedTechniques.unity using Guid(ed31b9589883b4d19a6bc0f50d57edec) Importer(2089858483,192608db42251d675da83286b1cce702) (ScriptedImporter) -> (artifact id: '056021cc0c21edc1b9ebaa55b1b71f12') in 0.0110599 seconds
Number of updated asset objects reloaded before import = 0Number of asset objects unloaded after import = 1

========================================================================
Received Import Request.
  Time since last request: 7.313826 seconds.
  path: Assets/TextMesh Pro/Shaders/TMP_SDF SSD.shader
  artifactKey: Guid(14eb328de4b8eb245bb7cea29e4ac00b) Importer(2089858483,192608db42251d675da83286b1cce702)
Start importing Assets/TextMesh Pro/Shaders/TMP_SDF SSD.shader using Guid(14eb328de4b8eb245bb7cea29e4ac00b) Importer(2089858483,192608db42251d675da83286b1cce702) (ScriptedImporter) -> (artifact id: '7182ca34a5f804b02801068a66e41feb') in 0.0125047 seconds
Number of updated asset objects reloaded before import = 13Number of asset objects unloaded after import = 1

========================================================================
Received Import Request.
  Time since last request: 0.000014 seconds.
  path: Assets/TextMesh Pro/Resources/Fonts & Materials/LiberationSans SDF - Fallback.asset
  artifactKey: Guid(2e498d1c8094910479dc3e1b768306a4) Importer(2089858483,192608db42251d675da83286b1cce702)
Start importing Assets/TextMesh Pro/Resources/Fonts & Materials/LiberationSans SDF - Fallback.asset using Guid(2e498d1c8094910479dc3e1b768306a4) Importer(2089858483,192608db42251d675da83286b1cce702) (ScriptedImporter) -> (artifact id: '687bf5910651ac38459dac8d167e190e') in 0.0410982 seconds
Number of updated asset objects reloaded before import = 0Number of asset objects unloaded after import = 5

========================================================================
Received Import Request.
  Time since last request: 0.000014 seconds.
  path: Assets/TextMesh Pro/Shaders/TMP_SDF-URP Unlit.shadergraph
  artifactKey: Guid(124c112a6e8f1a54e8b0870e881b56d8) Importer(2089858483,192608db42251d675da83286b1cce702)
Start importing Assets/TextMesh Pro/Shaders/TMP_SDF-URP Unlit.shadergraph using Guid(124c112a6e8f1a54e8b0870e881b56d8) Importer(2089858483,192608db42251d675da83286b1cce702) (ScriptedImporter) -> (artifact id: 'c6b37871be46ec6df49a1a124fcc25c5') in 0.0172765 seconds
Number of updated asset objects reloaded before import = 0Number of asset objects unloaded after import = 4

========================================================================
Received Import Request.
  Time since last request: 0.000010 seconds.
  path: Assets/TextMesh Pro/Shaders/TMP_SDF Overlay.shader
  artifactKey: Guid(dd89cf5b9246416f84610a006f916af7) Importer(2089858483,192608db42251d675da83286b1cce702)
Start importing Assets/TextMesh Pro/Shaders/TMP_SDF Overlay.shader using Guid(dd89cf5b9246416f84610a006f916af7) Importer(2089858483,192608db42251d675da83286b1cce702) (ScriptedImporter) -> (artifact id: '09bf17dcdf23e2a71d86524f50a8ac67') in 0.0056508 seconds
Number of updated asset objects reloaded before import = 0Number of asset objects unloaded after import = 1

========================================================================
Received Import Request.
  Time since last request: 0.000015 seconds.
  path: Assets/TextMesh Pro/Shaders/TMP_SDF-Surface-Mobile.shader
  artifactKey: Guid(85187c2149c549c5b33f0cdb02836b17) Importer(2089858483,192608db42251d675da83286b1cce702)
Start importing Assets/TextMesh Pro/Shaders/TMP_SDF-Surface-Mobile.shader using Guid(85187c2149c549c5b33f0cdb02836b17) Importer(2089858483,192608db42251d675da83286b1cce702) (ScriptedImporter) -> (artifact id: '9585f39f09d064cc888cf12d8681e491') in 0.0034614 seconds
Number of updated asset objects reloaded before import = 0Number of asset objects unloaded after import = 1

Editor requested this worker to shutdown with reason: Scaling down because of idle timeout
AssetImportWorker is now disconnected from the server
Process exiting
Exiting without the bug reporter. Application will terminate with return code 0