Using pre-set license
Built from '6000.0/staging' branch; Version is '6000.0.36f1 (9fe3b5f71dbb) revision 10478517'; Using compiler version '193933523'; Build Type 'Release'
OS: 'Windows 10  (10.0.19045) 64bit Professional' Language: 'es' Physical Memory: 31904 MB
BatchMode: 1, IsHumanControllingUs: 0, StartBugReporterOnCrash: 0, Is64bit: 1, IsPro: 1

COMMAND LINE ARGUMENTS:
D:\6000.0.36f1\Editor\Unity.exe
-adb2
-batchMode
-noUpm
-name
AssetImportWorker9
-projectPath
E:/Personal/DotWolf/Repos/New-Color-Space
-logFile
Logs/AssetImportWorker9.log
-srvPort
59009
-job-worker-count
11
-background-job-worker-count
8
-gc-helper-count
1
Successfully changed project path to: E:/Personal/DotWolf/Repos/New-Color-Space
E:/Personal/DotWolf/Repos/New-Color-Space
[UnityMemory] Configuration Parameters - Can be set up in boot.config
    "memorysetup-bucket-allocator-granularity=16"
    "memorysetup-bucket-allocator-bucket-count=8"
    "memorysetup-bucket-allocator-block-size=33554432"
    "memorysetup-bucket-allocator-block-count=8"
    "memorysetup-main-allocator-block-size=16777216"
    "memorysetup-thread-allocator-block-size=16777216"
    "memorysetup-gfx-main-allocator-block-size=16777216"
    "memorysetup-gfx-thread-allocator-block-size=16777216"
    "memorysetup-cache-allocator-block-size=4194304"
    "memorysetup-typetree-allocator-block-size=2097152"
    "memorysetup-profiler-bucket-allocator-granularity=16"
    "memorysetup-profiler-bucket-allocator-bucket-count=8"
    "memorysetup-profiler-bucket-allocator-block-size=33554432"
    "memorysetup-profiler-bucket-allocator-block-count=8"
    "memorysetup-profiler-allocator-block-size=16777216"
    "memorysetup-profiler-editor-allocator-block-size=1048576"
    "memorysetup-temp-allocator-size-main=16777216"
    "memorysetup-job-temp-allocator-block-size=2097152"
    "memorysetup-job-temp-allocator-block-size-background=1048576"
    "memorysetup-job-temp-allocator-reduction-small-platforms=262144"
    "memorysetup-allocator-temp-initial-block-size-main=262144"
    "memorysetup-allocator-temp-initial-block-size-worker=262144"
    "memorysetup-temp-allocator-size-background-worker=32768"
    "memorysetup-temp-allocator-size-job-worker=262144"
    "memorysetup-temp-allocator-size-preload-manager=33554432"
    "memorysetup-temp-allocator-size-nav-mesh-worker=65536"
    "memorysetup-temp-allocator-size-audio-worker=65536"
    "memorysetup-temp-allocator-size-cloud-worker=32768"
    "memorysetup-temp-allocator-size-gi-baking-worker=262144"
    "memorysetup-temp-allocator-size-gi-baking-worker=262144"
    "memorysetup-temp-allocator-size-gi-baking-worker=262144"
    "memorysetup-temp-allocator-size-gi-baking-worker=262144"
    "memorysetup-temp-allocator-size-gi-baking-worker=262144"
    "memorysetup-temp-allocator-size-gfx=262144"
Player connection [28028]  Target information:

Player connection [28028]  * "[IP] 192.168.1.20 [Port] 0 [Flags] 2 [Guid] 2793599672 [EditorId] 2793599672 [Version] 1048832 [Id] WindowsEditor(7,R3-Desktop) [Debug] 1 [PackageName] WindowsEditor [ProjectName] Editor" 

Player connection [28028] Host joined multi-casting on [225.0.0.222:54997]...
Player connection [28028] Host joined alternative multi-casting on [225.0.0.222:34997]...
JobSystem: Creating JobQueue using job-worker-count value 11
Input System module state changed to: Initialized.
[Physics::Module] Initialized fallback backend.
[Physics::Module] Id: 0xdecafbad
Library Redirect Path: Library/
[Physics::Module] Selected backend.
[Physics::Module] Name: PhysX
[Physics::Module] Id: 0xf2b8ea05
[Physics::Module] SDK Version: 4.1.2
[Physics::Module] Integration Version: 1.0.0
[Physics::Module] Threading Mode: Multi-Threaded
Refreshing native plugins compatible for Editor in 3.81 ms, found 3 plugins.
Preloading 0 native plugins for Editor in 0.00 ms.
Initialize engine version: 6000.0.36f1 (9fe3b5f71dbb)
[Subsystems] Discovering subsystems at path D:/6000.0.36f1/Editor/Data/Resources/UnitySubsystems
[Subsystems] Discovering subsystems at path E:/Personal/DotWolf/Repos/New-Color-Space/Assets
GfxDevice: creating device client; kGfxThreadingModeNonThreaded
Direct3D:
    Version:  Direct3D 11.0 [level 11.1]
    Renderer: NVIDIA GeForce RTX 3060 (ID=0x2487)
    Vendor:   NVIDIA
    VRAM:     12110 MB
    Driver:   32.0.15.7283
Initialize mono
Mono path[0] = 'D:/6000.0.36f1/Editor/Data/Managed'
Mono path[1] = 'D:/6000.0.36f1/Editor/Data/MonoBleedingEdge/lib/mono/unityjit-win32'
Mono config path = 'D:/6000.0.36f1/Editor/Data/MonoBleedingEdge/etc'
Using monoOptions --debugger-agent=transport=dt_socket,embedding=1,server=y,suspend=n,address=127.0.0.1:56080
Begin MonoManager ReloadAssembly
Registering precompiled unity dll's ...
Register platform support module: D:/6000.0.36f1/Editor/Data/PlaybackEngines/WindowsStandaloneSupport/UnityEditor.WindowsStandalone.Extensions.dll
Register platform support module: D:/6000.0.36f1/Editor/Data/PlaybackEngines/AndroidPlayer/UnityEditor.Android.Extensions.dll
Registered in 0.003513 seconds.
- Loaded All Assemblies, in  0.479 seconds
Native extension for Android target not found
Android Extension - Scanning For ADB Devices 418 ms
Native extension for WindowsStandalone target not found
Mono: successfully reloaded assembly
- Finished resetting the current domain, in  0.856 seconds
Domain Reload Profiling: 1335ms
	BeginReloadAssembly (142ms)
		ExecutionOrderSort (0ms)
		DisableScriptedObjects (0ms)
		BackupInstance (0ms)
		ReleaseScriptingObjects (0ms)
		CreateAndSetChildDomain (1ms)
	RebuildCommonClasses (47ms)
	RebuildNativeTypeToScriptingClass (13ms)
	initialDomainReloadingComplete (55ms)
	LoadAllAssembliesAndSetupDomain (220ms)
		LoadAssemblies (144ms)
		RebuildTransferFunctionScriptingTraits (0ms)
		AnalyzeDomain (214ms)
			TypeCache.Refresh (212ms)
				TypeCache.ScanAssembly (195ms)
			BuildScriptInfoCaches (0ms)
			ResolveRequiredComponents (0ms)
	FinalizeReload (856ms)
		ReleaseScriptCaches (0ms)
		RebuildScriptCaches (0ms)
		SetupLoadedEditorAssemblies (799ms)
			LogAssemblyErrors (0ms)
			InitializePlatformSupportModulesInManaged (543ms)
			SetLoadedEditorAssemblies (5ms)
			BeforeProcessingInitializeOnLoad (55ms)
			ProcessInitializeOnLoadAttributes (117ms)
			ProcessInitializeOnLoadMethodAttributes (78ms)
			AfterProcessingInitializeOnLoad (0ms)
			EditorAssembliesLoaded (0ms)
		ExecutionOrderSort2 (0ms)
		AwakeInstancesAfterBackupRestoration (0ms)
========================================================================
Worker process is ready to serve import requests
Import Worker Mode flag is 0x00
Begin MonoManager ReloadAssembly
- Loaded All Assemblies, in  0.963 seconds
Refreshing native plugins compatible for Editor in 2.59 ms, found 3 plugins.
Native extension for Android target not found
Native extension for WindowsStandalone target not found
Package Manager log level set to [2]
[Package Manager] Failed to launch server process. Reason: Unity was launched with the -noUpm command-line argument
[Package Manager] Unable to send message (not connected to server process).
[Package Manager] Cannot connect to Unity Package Manager local server
Mono: successfully reloaded assembly
- Finished resetting the current domain, in  1.319 seconds
Domain Reload Profiling: 2280ms
	BeginReloadAssembly (191ms)
		ExecutionOrderSort (0ms)
		DisableScriptedObjects (7ms)
		BackupInstance (0ms)
		ReleaseScriptingObjects (0ms)
		CreateAndSetChildDomain (42ms)
	RebuildCommonClasses (48ms)
	RebuildNativeTypeToScriptingClass (14ms)
	initialDomainReloadingComplete (42ms)
	LoadAllAssembliesAndSetupDomain (666ms)
		LoadAssemblies (454ms)
		RebuildTransferFunctionScriptingTraits (0ms)
		AnalyzeDomain (324ms)
			TypeCache.Refresh (237ms)
				TypeCache.ScanAssembly (208ms)
			BuildScriptInfoCaches (70ms)
			ResolveRequiredComponents (12ms)
	FinalizeReload (1320ms)
		ReleaseScriptCaches (0ms)
		RebuildScriptCaches (0ms)
		SetupLoadedEditorAssemblies (1057ms)
			LogAssemblyErrors (0ms)
			InitializePlatformSupportModulesInManaged (38ms)
			SetLoadedEditorAssemblies (10ms)
			BeforeProcessingInitializeOnLoad (184ms)
			ProcessInitializeOnLoadAttributes (705ms)
			ProcessInitializeOnLoadMethodAttributes (118ms)
			AfterProcessingInitializeOnLoad (2ms)
			EditorAssembliesLoaded (0ms)
		ExecutionOrderSort2 (0ms)
		AwakeInstancesAfterBackupRestoration (9ms)
database is locked
0x00007ffc270e921d (Unity) StackWalker::ShowCallstack
0x00007ffc270f91d9 (Unity) PlatformStacktrace::GetStacktrace
0x00007ffc28364c1e (Unity) Stacktrace::GetStacktrace
0x00007ffc2890d26f (Unity) DebugStringToFile
0x00007ffc28326fc9 (Unity) ErrorIfSQLError
0x00007ffc28327a3e (Unity) OpenOrCreateSQLiteDatabase
0x00007ffc282331b6 (Unity) GetShaderCacheDatabase
0x00007ffc2823038b (Unity) AddShaderErrorToDBMainThread
0x00007ffc2823098d (Unity) AddShaderErrorsToShaderAndDBAnyThread
0x00007ffc27da6d41 (Unity) ProcessShaderError
0x00007ffc27d9c27f (Unity) AddShaderRuntimeError
0x00007ffc26d8b978 (Unity) ShaderFromSerializedShaderMainThread
0x00007ffc28985d4c (Unity) Shader::CreateFromParsedForm
0x00007ffc2898494d (Unity) Shader::AwakeFromLoad
0x00007ffc270d1a86 (Unity) AwakeFromLoadQueue::InvokePersistentManagerAwake
0x00007ffc270d2c19 (Unity) AwakeFromLoadQueue::PersistentManagerSingleQueueAwakeFromLoad
0x00007ffc270d271d (Unity) AwakeFromLoadQueue::PersistentManagerAwakeFromLoad_NoChecks
0x00007ffc270a5131 (Unity) PersistentManager::IntegrateAllThreadedObjects
0x00007ffc270a5990 (Unity) PersistentManager::LoadAndIntegrateAllPreallocatedObjects
0x00007ffc270a9ee7 (Unity) PersistentManager::ReadObject
0x00007ffc262c1bbf (Unity) PPtr<Object>::operator Object * __ptr64
0x00007ffc28233ecd (Unity) LoadAndRegisterAllKnownShaders
0x00007ffc28534adf (Unity) <lambda_f96845ab1106210ce31769f863340c0d>::operator()
0x00007ffc286176de (Unity) asio::detail::completion_handler<core::mutable_function<void __cdecl(void)>,asio::io_context::basic_executor_type<std::allocator<void>,0> >::do_complete
0x00007ffc28604f6a (Unity) asio::detail::win_iocp_io_context::do_one
0x00007ffc2860629e (Unity) asio::detail::win_iocp_io_context::run
0x00007ffc28615cfc (Unity) IOService::Run
0x00007ffc2855de96 (Unity) RunAssetImportWorkerClientV2
0x00007ffc2855df5b (Unity) RunAssetImporterV2
0x00007ffc27d69398 (Unity) Application::InitializeProject
0x00007ffc2836f235 (Unity) UnityMain
0x00007ff678b22fba (Unity) __scrt_common_main_seh
0x00007ffcbf627344 (KERNEL32) BaseThreadInitThunk
0x00007ffcc123cc91 (ntdll) RtlUserThreadStart

database is locked
0x00007ffc270e921d (Unity) StackWalker::ShowCallstack
0x00007ffc270f91d9 (Unity) PlatformStacktrace::GetStacktrace
0x00007ffc28364c1e (Unity) Stacktrace::GetStacktrace
0x00007ffc2890d26f (Unity) DebugStringToFile
0x00007ffc26e47b49 (Unity) LogRepeatingStringWithFlags
0x00007ffc282331d7 (Unity) GetShaderCacheDatabase
0x00007ffc2823038b (Unity) AddShaderErrorToDBMainThread
0x00007ffc2823098d (Unity) AddShaderErrorsToShaderAndDBAnyThread
0x00007ffc27da6d41 (Unity) ProcessShaderError
0x00007ffc27d9c27f (Unity) AddShaderRuntimeError
0x00007ffc26d8b978 (Unity) ShaderFromSerializedShaderMainThread
0x00007ffc28985d4c (Unity) Shader::CreateFromParsedForm
0x00007ffc2898494d (Unity) Shader::AwakeFromLoad
0x00007ffc270d1a86 (Unity) AwakeFromLoadQueue::InvokePersistentManagerAwake
0x00007ffc270d2c19 (Unity) AwakeFromLoadQueue::PersistentManagerSingleQueueAwakeFromLoad
0x00007ffc270d271d (Unity) AwakeFromLoadQueue::PersistentManagerAwakeFromLoad_NoChecks
0x00007ffc270a5131 (Unity) PersistentManager::IntegrateAllThreadedObjects
0x00007ffc270a5990 (Unity) PersistentManager::LoadAndIntegrateAllPreallocatedObjects
0x00007ffc270a9ee7 (Unity) PersistentManager::ReadObject
0x00007ffc262c1bbf (Unity) PPtr<Object>::operator Object * __ptr64
0x00007ffc28233ecd (Unity) LoadAndRegisterAllKnownShaders
0x00007ffc28534adf (Unity) <lambda_f96845ab1106210ce31769f863340c0d>::operator()
0x00007ffc286176de (Unity) asio::detail::completion_handler<core::mutable_function<void __cdecl(void)>,asio::io_context::basic_executor_type<std::allocator<void>,0> >::do_complete
0x00007ffc28604f6a (Unity) asio::detail::win_iocp_io_context::do_one
0x00007ffc2860629e (Unity) asio::detail::win_iocp_io_context::run
0x00007ffc28615cfc (Unity) IOService::Run
0x00007ffc2855de96 (Unity) RunAssetImportWorkerClientV2
0x00007ffc2855df5b (Unity) RunAssetImporterV2
0x00007ffc27d69398 (Unity) Application::InitializeProject
0x00007ffc2836f235 (Unity) UnityMain
0x00007ff678b22fba (Unity) __scrt_common_main_seh
0x00007ffcbf627344 (KERNEL32) BaseThreadInitThunk
0x00007ffcc123cc91 (ntdll) RtlUserThreadStart

Launched and connected shader compiler UnityShaderCompiler.exe after 0.07 seconds
Refreshing native plugins compatible for Editor in 2.01 ms, found 3 plugins.
Preloading 0 native plugins for Editor in 0.00 ms.
Unloading 222 Unused Serialized files (Serialized files now loaded: 0)
Unloading 4732 unused Assets / (4.0 MB). Loaded Objects now: 5444.
Memory consumption went from 172.1 MB to 168.1 MB.
Total: 10.326400 ms (FindLiveObjects: 1.014900 ms CreateObjectMapping: 0.278000 ms MarkObjects: 6.818600 ms  DeleteObjects: 2.213600 ms)

========================================================================
Received Prepare
Refreshing native plugins compatible for Editor in 2.17 ms, found 3 plugins.
Preloading 0 native plugins for Editor in 0.00 ms.
Unloading 15 Unused Serialized files (Serialized files now loaded: 0)
Unloading 13 unused Assets / (2.2 MB). Loaded Objects now: 5446.
Memory consumption went from 131.2 MB to 129.0 MB.
Total: 8.731700 ms (FindLiveObjects: 0.500300 ms CreateObjectMapping: 0.320900 ms MarkObjects: 7.110200 ms  DeleteObjects: 0.799100 ms)

Prepare: number of updated asset objects reloaded= 0
========================================================================
Received Import Request.
  Time since last request: 318428.680315 seconds.
  path: Assets/Settings/Very Low_PipelineAsset.asset
  artifactKey: Guid(bc30a156065d87b4abf095c376cc10e2) Importer(2089858483,192608db42251d675da83286b1cce702)
Start importing Assets/Settings/Very Low_PipelineAsset.asset using Guid(bc30a156065d87b4abf095c376cc10e2) Importer(2089858483,192608db42251d675da83286b1cce702) (ScriptedImporter) -> (artifact id: 'd1651a755f022d977d0bc601fd858545') in 0.1876569 seconds
Number of updated asset objects reloaded before import = 1Number of asset objects unloaded after import = 2

========================================================================
Received Import Request.
  Time since last request: 0.000016 seconds.
  path: Assets/Settings/Ultra_PipelineAsset_ForwardRenderer.asset
  artifactKey: Guid(74d2536a398d4634ba7b3e9bcca3e4ac) Importer(2089858483,192608db42251d675da83286b1cce702)
Start importing Assets/Settings/Ultra_PipelineAsset_ForwardRenderer.asset using Guid(74d2536a398d4634ba7b3e9bcca3e4ac) Importer(2089858483,192608db42251d675da83286b1cce702) (ScriptedImporter) -> (artifact id: 'e1bf5cc366ed5fcefe319088c4f26ebb') in 0.0351596 seconds
Number of updated asset objects reloaded before import = 0Number of asset objects unloaded after import = 1

========================================================================
Received Import Request.
  Time since last request: 0.000023 seconds.
  path: Assets/LeanTween/Examples/Scenes/TestingZLegacy.unity
  artifactKey: Guid(9d3c1732ee5ca4e86bf2497c4404c656) Importer(2089858483,192608db42251d675da83286b1cce702)
Start importing Assets/LeanTween/Examples/Scenes/TestingZLegacy.unity using Guid(9d3c1732ee5ca4e86bf2497c4404c656) Importer(2089858483,192608db42251d675da83286b1cce702) (ScriptedImporter) -> (artifact id: '34734da8cede9f5aacfacd97a2dd8606') in 0.004146 seconds
Number of updated asset objects reloaded before import = 0Number of asset objects unloaded after import = 1

========================================================================
Received Import Request.
  Time since last request: 0.000014 seconds.
  path: Assets/LeanTween/Examples/Scenes/GeneralSequencer.unity
  artifactKey: Guid(28ab900ace00b47e39ad8fef65f3170a) Importer(2089858483,192608db42251d675da83286b1cce702)
Start importing Assets/LeanTween/Examples/Scenes/GeneralSequencer.unity using Guid(28ab900ace00b47e39ad8fef65f3170a) Importer(2089858483,192608db42251d675da83286b1cce702) (ScriptedImporter) -> (artifact id: 'd357f40499d58c34ea5d164599743dc0') in 0.0049547 seconds
Number of updated asset objects reloaded before import = 0Number of asset objects unloaded after import = 1

========================================================================
Received Import Request.
  Time since last request: 7.310485 seconds.
  path: Assets/TextMesh Pro/Shaders/TMPro.cginc
  artifactKey: Guid(407bc68d299748449bbf7f48ee690f8d) Importer(2089858483,192608db42251d675da83286b1cce702)
Start importing Assets/TextMesh Pro/Shaders/TMPro.cginc using Guid(407bc68d299748449bbf7f48ee690f8d) Importer(2089858483,192608db42251d675da83286b1cce702) (ScriptedImporter) -> (artifact id: 'ea9456210a4941ad952a8dc4418d1901') in 0.0035245 seconds
Number of updated asset objects reloaded before import = 13Number of asset objects unloaded after import = 1

========================================================================
Received Import Request.
  Time since last request: 0.000011 seconds.
  path: Assets/TextMesh Pro/Resources/TMP Settings.asset
  artifactKey: Guid(3f5b5dff67a942289a9defa416b206f3) Importer(2089858483,192608db42251d675da83286b1cce702)
Start importing Assets/TextMesh Pro/Resources/TMP Settings.asset using Guid(3f5b5dff67a942289a9defa416b206f3) Importer(2089858483,192608db42251d675da83286b1cce702) (ScriptedImporter) -> (artifact id: '970a844447c266bc171d4d1d580ff9f9') in 0.0286918 seconds
Number of updated asset objects reloaded before import = 0Number of asset objects unloaded after import = 15

========================================================================
Received Import Request.
  Time since last request: 0.000015 seconds.
  path: Assets/TextMesh Pro
  artifactKey: Guid(f54d1bd14bd3ca042bd867b519fee8cc) Importer(2089858483,192608db42251d675da83286b1cce702)
Start importing Assets/TextMesh Pro using Guid(f54d1bd14bd3ca042bd867b519fee8cc) Importer(2089858483,192608db42251d675da83286b1cce702) (ScriptedImporter) -> (artifact id: '501882601f866aff2201ae7e275d9d71') in 0.0025252 seconds
Number of updated asset objects reloaded before import = 0Number of asset objects unloaded after import = 1

========================================================================
Received Import Request.
  Time since last request: 0.000012 seconds.
  path: Assets/TextMesh Pro/Resources/Fonts & Materials
  artifactKey: Guid(731f1baa9d144a9897cb1d341c2092b8) Importer(2089858483,192608db42251d675da83286b1cce702)
Start importing Assets/TextMesh Pro/Resources/Fonts & Materials using Guid(731f1baa9d144a9897cb1d341c2092b8) Importer(2089858483,192608db42251d675da83286b1cce702) (ScriptedImporter) -> (artifact id: 'cd5ccb69e872e0d2135018c1d83eee50') in 0.0021403 seconds
Number of updated asset objects reloaded before import = 0Number of asset objects unloaded after import = 1

========================================================================
Received Import Request.
  Time since last request: 0.000015 seconds.
  path: Assets/TextMesh Pro/Resources/Style Sheets
  artifactKey: Guid(4aecb92fff08436c8303b10eab8da368) Importer(2089858483,192608db42251d675da83286b1cce702)
Start importing Assets/TextMesh Pro/Resources/Style Sheets using Guid(4aecb92fff08436c8303b10eab8da368) Importer(2089858483,192608db42251d675da83286b1cce702) (ScriptedImporter) -> (artifact id: 'd21faa27252c98c94231f5700d87605f') in 0.0024786 seconds
Number of updated asset objects reloaded before import = 0Number of asset objects unloaded after import = 1

========================================================================
Received Import Request.
  Time since last request: 0.000012 seconds.
  path: Assets/TextMesh Pro/Resources
  artifactKey: Guid(243e06394e614e5d99fab26083b707fa) Importer(2089858483,192608db42251d675da83286b1cce702)
Start importing Assets/TextMesh Pro/Resources using Guid(243e06394e614e5d99fab26083b707fa) Importer(2089858483,192608db42251d675da83286b1cce702) (ScriptedImporter) -> (artifact id: 'f2233413038669e7191e59f61d092ff4') in 0.0021251 seconds
Number of updated asset objects reloaded before import = 0Number of asset objects unloaded after import = 1

========================================================================
Received Import Request.
  Time since last request: 0.000012 seconds.
  path: Assets/TextMesh Pro/Shaders/TMP_Bitmap-Custom-Atlas.shader
  artifactKey: Guid(48bb5f55d8670e349b6e614913f9d910) Importer(2089858483,192608db42251d675da83286b1cce702)
Start importing Assets/TextMesh Pro/Shaders/TMP_Bitmap-Custom-Atlas.shader using Guid(48bb5f55d8670e349b6e614913f9d910) Importer(2089858483,192608db42251d675da83286b1cce702) (ScriptedImporter) -> (artifact id: '02d685d65e9b987974b80a3d8c0f646e') in 0.0064944 seconds
Number of updated asset objects reloaded before import = 0Number of asset objects unloaded after import = 1

Editor requested this worker to shutdown with reason: Scaling down because of idle timeout
AssetImportWorker is now disconnected from the server
Process exiting
Exiting without the bug reporter. Application will terminate with return code 0